0 info it worked if it ends with ok
1 verbose cli [ 'C:\\Program Files\\nodejs\\node.exe',
1 verbose cli   'C:\\Program Files\\nodejs\\node_modules\\npm\\bin\\npm-cli.js',
1 verbose cli   'install',
1 verbose cli   '-g',
1 verbose cli   'n' ]
2 info using npm@2.14.7
3 info using node@v4.2.3
4 verbose install initial load of C:\Users\Twins\AppData\Roaming\npm\package.json
5 verbose readDependencies loading dependencies from C:\Users\Twins\AppData\Roaming\npm\package.json
6 silly cache add args [ 'n', null ]
7 verbose cache add spec n
8 silly cache add parsed spec Result {
8 silly cache add   raw: 'n',
8 silly cache add   scope: null,
8 silly cache add   name: 'n',
8 silly cache add   rawSpec: '',
8 silly cache add   spec: '*',
8 silly cache add   type: 'range' }
9 silly addNamed n@*
10 verbose addNamed "*" is a valid semver range for n
11 silly addNameRange { name: 'n', range: '*', hasData: false }
12 silly mapToRegistry name n
13 silly mapToRegistry using default registry
14 silly mapToRegistry registry https://registry.npmjs.org/
15 silly mapToRegistry uri https://registry.npmjs.org/n
16 verbose addNameRange registry:https://registry.npmjs.org/n not in flight; fetching
17 verbose request uri https://registry.npmjs.org/n
18 verbose request no auth needed
19 info attempt registry request try #1 at 10:50:41 AM
20 verbose request id d2a796fe03220516
21 http request GET https://registry.npmjs.org/n
22 http 200 https://registry.npmjs.org/n
23 verbose headers { server: 'CouchDB/1.6.1 (Erlang OTP/R16B03)',
23 verbose headers   'content-type': 'application/json',
23 verbose headers   etag: '"58421bad-f9eb"',
23 verbose headers   'content-encoding': 'gzip',
23 verbose headers   'cache-control': 'max-age=300',
23 verbose headers   'content-length': '12152',
23 verbose headers   'accept-ranges': 'bytes',
23 verbose headers   date: 'Tue, 06 Dec 2016 18:50:42 GMT',
23 verbose headers   via: '1.1 varnish',
23 verbose headers   age: '66',
23 verbose headers   connection: 'keep-alive',
23 verbose headers   'x-served-by': 'cache-sjc3129-SJC',
23 verbose headers   'x-cache': 'HIT',
23 verbose headers   'x-cache-hits': '1',
23 verbose headers   'x-timer': 'S1481050242.104328,VS0,VE3',
23 verbose headers   vary: 'Accept-Encoding' }
24 silly get cb [ 200,
24 silly get   { server: 'CouchDB/1.6.1 (Erlang OTP/R16B03)',
24 silly get     'content-type': 'application/json',
24 silly get     etag: '"58421bad-f9eb"',
24 silly get     'content-encoding': 'gzip',
24 silly get     'cache-control': 'max-age=300',
24 silly get     'content-length': '12152',
24 silly get     'accept-ranges': 'bytes',
24 silly get     date: 'Tue, 06 Dec 2016 18:50:42 GMT',
24 silly get     via: '1.1 varnish',
24 silly get     age: '66',
24 silly get     connection: 'keep-alive',
24 silly get     'x-served-by': 'cache-sjc3129-SJC',
24 silly get     'x-cache': 'HIT',
24 silly get     'x-cache-hits': '1',
24 silly get     'x-timer': 'S1481050242.104328,VS0,VE3',
24 silly get     vary: 'Accept-Encoding' } ]
25 verbose get saving n to C:\Users\Twins\AppData\Roaming\npm-cache\registry.npmjs.org\n\.cache.json
26 verbose makeDirectory C:\Users\Twins\AppData\Roaming\npm-cache creation not in flight; initializing
27 verbose makeCacheDir UID & GID are irrelevant on win32
28 silly addNameRange number 2 { name: 'n', range: '*', hasData: true }
29 silly addNameRange versions [ 'n',
29 silly addNameRange   [ '0.0.1',
29 silly addNameRange     '0.0.2',
29 silly addNameRange     '0.0.3',
29 silly addNameRange     '0.0.4',
29 silly addNameRange     '0.1.0',
29 silly addNameRange     '0.1.1',
29 silly addNameRange     '0.1.2',
29 silly addNameRange     '0.2.0',
29 silly addNameRange     '0.2.1',
29 silly addNameRange     '0.2.2',
29 silly addNameRange     '0.3.0',
29 silly addNameRange     '0.4.0',
29 silly addNameRange     '0.4.1',
29 silly addNameRange     '0.4.2',
29 silly addNameRange     '0.5.0',
29 silly addNameRange     '0.5.1',
29 silly addNameRange     '0.5.2',
29 silly addNameRange     '0.5.3',
29 silly addNameRange     '0.5.4',
29 silly addNameRange     '0.6.0',
29 silly addNameRange     '0.6.1',
29 silly addNameRange     '0.7.0',
29 silly addNameRange     '0.7.1',
29 silly addNameRange     '0.7.2',
29 silly addNameRange     '0.7.3',
29 silly addNameRange     '0.8.0',
29 silly addNameRange     '0.8.1',
29 silly addNameRange     '0.8.2',
29 silly addNameRange     '0.9.0',
29 silly addNameRange     '0.9.1',
29 silly addNameRange     '0.9.2',
29 silly addNameRange     '0.9.3',
29 silly addNameRange     '1.0.0',
29 silly addNameRange     '1.1.0',
29 silly addNameRange     '1.2.1',
29 silly addNameRange     '1.2.2',
29 silly addNameRange     '1.2.3',
29 silly addNameRange     '1.2.4',
29 silly addNameRange     '1.2.5',
29 silly addNameRange     '1.2.6',
29 silly addNameRange     '1.2.7',
29 silly addNameRange     '1.2.8',
29 silly addNameRange     '1.2.9',
29 silly addNameRange     '1.2.11',
29 silly addNameRange     '1.2.13',
29 silly addNameRange     '1.2.14',
29 silly addNameRange     '1.3.0',
29 silly addNameRange     '1.4.0',
29 silly addNameRange     '2.0.0',
29 silly addNameRange     '1.4.1',
29 silly addNameRange     '2.0.1',
29 silly addNameRange     '1.4.2',
29 silly addNameRange     '2.0.2',
29 silly addNameRange     '2.1.0',
29 silly addNameRange     '2.1.1',
29 silly addNameRange     '2.1.2',
29 silly addNameRange     '2.1.3',
29 silly addNameRange     '2.1.4' ] ]
30 silly addNamed n@2.1.4
31 verbose addNamed "2.1.4" is a plain semver version for n
32 silly mapToRegistry name n
33 silly mapToRegistry using default registry
34 silly mapToRegistry registry https://registry.npmjs.org/
35 silly mapToRegistry uri https://registry.npmjs.org/n
36 verbose addRemoteTarball https://registry.npmjs.org/n/-/n-2.1.4.tgz not in flight; adding
37 verbose addRemoteTarball [ 'https://registry.npmjs.org/n/-/n-2.1.4.tgz',
37 verbose addRemoteTarball   '7546bc467a120cc96718f2716cd86c43290f94c5' ]
38 info retry fetch attempt 1 at 10:50:41 AM
39 info attempt registry request try #1 at 10:50:41 AM
40 http fetch GET https://registry.npmjs.org/n/-/n-2.1.4.tgz
41 http fetch 200 https://registry.npmjs.org/n/-/n-2.1.4.tgz
42 silly fetchAndShaCheck shasum 7546bc467a120cc96718f2716cd86c43290f94c5
43 verbose addTmpTarball C:\Users\Twins\AppData\Local\Temp\npm-8272-3250ac5b\registry.npmjs.org\n\-\n-2.1.4.tgz not in flight; adding
44 verbose addTmpTarball already have metadata; skipping unpack for n@2.1.4
45 silly cache afterAdd n@2.1.4
46 verbose afterAdd C:\Users\Twins\AppData\Roaming\npm-cache\n\2.1.4\package\package.json not in flight; writing
47 verbose afterAdd C:\Users\Twins\AppData\Roaming\npm-cache\n\2.1.4\package\package.json written
48 silly install resolved [ { name: 'n',
48 silly install resolved     description: 'Interactively Manage All Your Node Versions',
48 silly install resolved     version: '2.1.4',
48 silly install resolved     author: { name: 'TJ Holowaychuk', email: 'tj@vision-media.ca' },
48 silly install resolved     homepage: 'https://github.com/tj/n',
48 silly install resolved     bugs: { url: 'https://github.com/tj/n/issues' },
48 silly install resolved     contributors: [ [Object], [Object], [Object] ],
48 silly install resolved     keywords:
48 silly install resolved      [ 'nvm',
48 silly install resolved        'node',
48 silly install resolved        'version',
48 silly install resolved        'manager',
48 silly install resolved        'switcher',
48 silly install resolved        'node',
48 silly install resolved        'binary',
48 silly install resolved        'env' ],
48 silly install resolved     bin: { n: './bin/n' },
48 silly install resolved     repository: { type: 'git', url: 'git://github.com/tj/n.git' },
48 silly install resolved     preferGlobal: true,
48 silly install resolved     os: [ '!win32' ],
48 silly install resolved     engines: { node: '*' },
48 silly install resolved     license: 'MIT',
48 silly install resolved     gitHead: 'ff9ba303d972069903c0f951ece43f47adce24e8',
48 silly install resolved     _id: 'n@2.1.4',
48 silly install resolved     scripts: {},
48 silly install resolved     _shasum: '7546bc467a120cc96718f2716cd86c43290f94c5',
48 silly install resolved     _from: 'n@*',
48 silly install resolved     _npmVersion: '3.10.3',
48 silly install resolved     _nodeVersion: '6.3.1',
48 silly install resolved     _npmUser: { name: 'qw3rtman', email: 'me@nimit.io' },
48 silly install resolved     dist:
48 silly install resolved      { shasum: '7546bc467a120cc96718f2716cd86c43290f94c5',
48 silly install resolved        tarball: 'https://registry.npmjs.org/n/-/n-2.1.4.tgz' },
48 silly install resolved     maintainers: [ [Object], [Object], [Object], [Object], [Object], [Object] ],
48 silly install resolved     _npmOperationalInternal:
48 silly install resolved      { host: 'packages-16-east.internal.npmjs.com',
48 silly install resolved        tmp: 'tmp/n-2.1.4.tgz_1470600124670_0.21058935346081853' },
48 silly install resolved     directories: {},
48 silly install resolved     _resolved: 'https://registry.npmjs.org/n/-/n-2.1.4.tgz' } ]
49 info install n@2.1.4 into C:\Users\Twins\AppData\Roaming\npm
50 info installOne n@2.1.4
51 verbose installOne of n to C:\Users\Twins\AppData\Roaming\npm not in flight; installing
52 verbose makeDirectory C:\Users\Twins\AppData\Roaming\npm-cache\_locks creation not in flight; initializing
53 verbose makeCacheDir UID & GID are irrelevant on win32
54 verbose lock using C:\Users\Twins\AppData\Roaming\npm-cache\_locks\n-48462d0b2cb4b427.lock for C:\Users\Twins\AppData\Roaming\npm\node_modules\n
55 verbose unlock done using C:\Users\Twins\AppData\Roaming\npm-cache\_locks\n-48462d0b2cb4b427.lock for C:\Users\Twins\AppData\Roaming\npm\node_modules\n
56 verbose stack Error: Unsupported
56 verbose stack     at checkPlatform (C:\Program Files\nodejs\node_modules\npm\node_modules\npm-install-checks\index.js:47:14)
56 verbose stack     at Array.<anonymous> (C:\Program Files\nodejs\node_modules\npm\node_modules\slide\lib\bind-actor.js:15:8)
56 verbose stack     at LOOP (C:\Program Files\nodejs\node_modules\npm\node_modules\slide\lib\chain.js:15:14)
56 verbose stack     at C:\Program Files\nodejs\node_modules\npm\node_modules\slide\lib\chain.js:18:7
56 verbose stack     at checkEngine (C:\Program Files\nodejs\node_modules\npm\node_modules\npm-install-checks\index.js:26:10)
56 verbose stack     at Array.<anonymous> (C:\Program Files\nodejs\node_modules\npm\node_modules\slide\lib\bind-actor.js:15:8)
56 verbose stack     at LOOP (C:\Program Files\nodejs\node_modules\npm\node_modules\slide\lib\chain.js:15:14)
56 verbose stack     at chain (C:\Program Files\nodejs\node_modules\npm\node_modules\slide\lib\chain.js:20:5)
56 verbose stack     at C:\Program Files\nodejs\node_modules\npm\lib\install.js:1038:5
56 verbose stack     at C:\Program Files\nodejs\node_modules\npm\lib\utils\locker.js:39:7
57 verbose pkgid n@2.1.4
58 verbose cwd I:\Dropbox\Coding\CA - Week 08\login-app
59 error Windows_NT 10.0.10586
60 error argv "C:\\Program Files\\nodejs\\node.exe" "C:\\Program Files\\nodejs\\node_modules\\npm\\bin\\npm-cli.js" "install" "-g" "n"
61 error node v4.2.3
62 error npm  v2.14.7
63 error code EBADPLATFORM
64 error notsup Unsupported
64 error notsup Not compatible with your operating system or architecture: n@2.1.4
64 error notsup Valid OS:    !win32
64 error notsup Valid Arch:  any
64 error notsup Actual OS:   win32
64 error notsup Actual Arch: x64
65 verbose exit [ 1, true ]
